<?xml version="1.0" encoding="UTF-8"?>
<robot generator="Robot 5.0.1 (Python 3.12.0 on win32)" generated="20231105 19:52:22.346" rpa="false" schemaversion="3">
<suite id="s1" name="Unit-Tests" source="C:\Users\joyce\PycharmProjects\pythonProject2\unit-tests">
<suite id="s1-s1" name="Tests" source="C:\Users\joyce\PycharmProjects\pythonProject2\unit-tests\tests">
<suite id="s1-s1-s1" name="Example" source="C:\Users\joyce\PycharmProjects\pythonProject2\unit-tests\tests\example.robot">
<test id="s1-s1-s1-t1" name="Teste Soma Básica" line="6">
<kw name="Somar" library="example">
<var>${resultado}</var>
<arg>${2}</arg>
<arg>${3}</arg>
<msg timestamp="20231105 19:52:22.389" level="INFO">${resultado} = 5</msg>
<status status="PASS" starttime="20231105 19:52:22.388" endtime="20231105 19:52:22.389"/>
</kw>
<kw name="Should Be Equal" library="BuiltIn">
<arg>${resultado}</arg>
<arg>${5}</arg>
<doc>Fails if the given objects are unequal.</doc>
<status status="PASS" starttime="20231105 19:52:22.390" endtime="20231105 19:52:22.392"/>
</kw>
<status status="PASS" starttime="20231105 19:52:22.388" endtime="20231105 19:52:22.392"/>
</test>
<doc>Primeiro teste robot</doc>
<status status="PASS" starttime="20231105 19:52:22.380" endtime="20231105 19:52:22.393"/>
</suite>
<status status="PASS" starttime="20231105 19:52:22.376" endtime="20231105 19:52:22.396"/>
</suite>
<status status="PASS" starttime="20231105 19:52:22.348" endtime="20231105 19:52:22.398"/>
</suite>
<statistics>
<total>
<stat pass="1" fail="0" skip="0">All Tests</stat>
</total>
<tag>
</tag>
<suite>
<stat pass="1" fail="0" skip="0" id="s1" name="Unit-Tests">Unit-Tests</stat>
<stat pass="1" fail="0" skip="0" id="s1-s1" name="Tests">Unit-Tests.Tests</stat>
<stat pass="1" fail="0" skip="0" id="s1-s1-s1" name="Example">Unit-Tests.Tests.Example</stat>
</suite>
</statistics>
<errors>
</errors>
</robot>
