<?xml version="1.0" encoding="UTF-8"?>
<robot generator="Robot 3.2.2 (Python 3.12.0 on win32)" generated="20231105 22:25:04.464" rpa="false">
<suite id="s1" name="Tests" source="C:\Users\joyce\PycharmProjects\pythonProject2\unit-tests\tests">
<suite id="s1-s1" name="Example" source="C:\Users\joyce\PycharmProjects\pythonProject2\unit-tests\tests\example.robot">
<test id="s1-s1-t1" name="Teste Soma Básica">
<kw name="Somar" library="example">
<arguments>
<arg>${2}</arg>
<arg>${3}</arg>
</arguments>
<assign>
<var>${resultado}</var>
</assign>
<msg timestamp="20231105 22:25:04.508" level="INFO">${resultado} = 5</msg>
<status status="PASS" starttime="20231105 22:25:04.508" endtime="20231105 22:25:04.508"></status>
</kw>
<kw name="Should Be Equal" library="BuiltIn">
<doc>Fails if the given objects are unequal.</doc>
<arguments>
<arg>${resultado}</arg>
<arg>${5}</arg>
</arguments>
<status status="PASS" starttime="20231105 22:25:04.509" endtime="20231105 22:25:04.509"></status>
</kw>
<status status="PASS" starttime="20231105 22:25:04.507" endtime="20231105 22:25:04.509" critical="yes"></status>
</test>
<doc>Primeiro teste robot</doc>
<status status="PASS" starttime="20231105 22:25:04.496" endtime="20231105 22:25:04.512"></status>
</suite>
<status status="PASS" starttime="20231105 22:25:04.467" endtime="20231105 22:25:04.514"></status>
</suite>
<statistics>
<total>
<stat pass="1" fail="0">Critical Tests</stat>
<stat pass="1" fail="0">All Tests</stat>
</total>
<tag>
</tag>
<suite>
<stat pass="1" fail="0" id="s1" name="Tests">Tests</stat>
<stat pass="1" fail="0" id="s1-s1" name="Example">Tests.Example</stat>
</suite>
</statistics>
<errors>
</errors>
</robot>
