<?xml version="1.0" encoding="UTF-8"?>
<robot generator="Robot 3.2.2 (Python 3.8.10 on linux)" generated="20231107 21:37:53.121" rpa="false">
<suite id="s1" name="Example" source="/home/dev-nouvenn/Documents/inatel/c214/seminario-c214/unit-tests/tests/example.robot">
<test id="s1-t1" name="Teste Soma Básica">
<kw name="Somar" library="example">
<arguments>
<arg>${2}</arg>
<arg>${3}</arg>
</arguments>
<assign>
<var>${resultado}</var>
</assign>
<msg timestamp="20231107 21:37:53.137" level="INFO">${resultado} = 5</msg>
<status status="PASS" starttime="20231107 21:37:53.136" endtime="20231107 21:37:53.137"></status>
</kw>
<kw name="Should Be Equal" library="BuiltIn">
<doc>Fails if the given objects are unequal.</doc>
<arguments>
<arg>${resultado}</arg>
<arg>${5}</arg>
</arguments>
<status status="PASS" starttime="20231107 21:37:53.137" endtime="20231107 21:37:53.137"></status>
</kw>
<status status="PASS" starttime="20231107 21:37:53.136" endtime="20231107 21:37:53.137" critical="yes"></status>
</test>
<doc>Primeiro teste robot</doc>
<status status="PASS" starttime="20231107 21:37:53.122" endtime="20231107 21:37:53.138"></status>
</suite>
<statistics>
<total>
<stat pass="1" fail="0">Critical Tests</stat>
<stat pass="1" fail="0">All Tests</stat>
</total>
<tag>
</tag>
<suite>
<stat pass="1" fail="0" id="s1" name="Example">Example</stat>
</suite>
</statistics>
<errors>
</errors>
</robot>
